  GameOver.cpp
  GameScene.cpp
  InputManager.cpp
  Lift.cpp
  Main.cpp
  Operation.cpp
Operation.cpp(24): warning C4244: '=': 'float' から 'LONG' への変換です。データが失われる可能性があります。
Operation.cpp(25): warning C4244: '=': 'float' から 'LONG' への変換です。データが失われる可能性があります。
Operation.cpp(154): warning C4244: '=': 'LONG' から 'float' への変換です。データが失われる可能性があります。
Operation.cpp(155): warning C4244: '=': 'LONG' から 'float' への変換です。データが失われる可能性があります。
  Player.cpp
Player.cpp(170): warning C4244: '=': 'LONG' から 'FLOAT' への変換です。データが失われる可能性があります。
Player.cpp(171): warning C4244: '=': 'LONG' から 'FLOAT' への変換です。データが失われる可能性があります。
  SoundManager.cpp
  Title.cpp
  コード生成しています。
  15 of 718 functions ( 2.1%) were compiled, the rest were copied from previous compilation.
    0 functions were new in current compilation
    7 functions had inline decision re-evaluated but remain unchanged
  コード生成が終了しました。
  MiniGame.vcxproj -> D:\Documents\HAL課題\2年\GM\starter\x64\Release\MiniGame.exe
  MiniGame.vcxproj -> D:\Documents\HAL課題\2年\GM\starter\x64\Release\MiniGame.pdb (Full PDB)
